<?xml version="1.0" encoding="UTF-8"?>
<coverage generated="1602882007427" clover="3.2.0">
  <project timestamp="1602882007427" name="All files">
    <metrics statements="99" coveredstatements="73" conditionals="56" coveredconditionals="38" methods="51" coveredmethods="40" elements="206" coveredelements="151" complexity="0" loc="99" ncloc="99" packages="2" files="6" classes="6"/>
    <package name="src">
      <metrics statements="68" coveredstatements="47" conditionals="24" coveredconditionals="11" methods="26" coveredmethods="17"/>
      <file name="config.ts" path="/home/kerby/dev/try/FInancyDrewTS/src/config.ts">
        <metrics statements="3" coveredstatements="3" conditionals="0" coveredconditionals="0" methods="0" coveredmethods="0"/>
        <line num="1" count="1" type="stmt"/>
        <line num="5" count="1" type="stmt"/>
        <line num="7" count="1" type="stmt"/>
      </file>
      <file name="helpers.ts" path="/home/kerby/dev/try/FInancyDrewTS/src/helpers.ts">
        <metrics statements="2" coveredstatements="2" conditionals="2" coveredconditionals="2" methods="3" coveredmethods="2"/>
        <line num="1" count="7" type="cond" truecount="2" falsecount="0"/>
        <line num="3" count="1" type="stmt"/>
      </file>
      <file name="index.ts" path="/home/kerby/dev/try/FInancyDrewTS/src/index.ts">
        <metrics statements="50" coveredstatements="29" conditionals="18" coveredconditionals="5" methods="21" coveredmethods="13"/>
        <line num="1" count="2" type="stmt"/>
        <line num="2" count="2" type="stmt"/>
        <line num="3" count="2" type="stmt"/>
        <line num="4" count="2" type="stmt"/>
        <line num="5" count="2" type="stmt"/>
        <line num="6" count="2" type="stmt"/>
        <line num="7" count="2" type="stmt"/>
        <line num="9" count="2" type="stmt"/>
        <line num="14" count="2" type="stmt"/>
        <line num="19" count="0" type="stmt"/>
        <line num="20" count="0" type="stmt"/>
        <line num="22" count="0" type="stmt"/>
        <line num="27" count="0" type="stmt"/>
        <line num="32" count="0" type="stmt"/>
        <line num="37" count="0" type="stmt"/>
        <line num="42" count="0" type="stmt"/>
        <line num="47" count="0" type="stmt"/>
        <line num="52" count="0" type="stmt"/>
        <line num="57" count="0" type="stmt"/>
        <line num="62" count="0" type="stmt"/>
        <line num="67" count="0" type="stmt"/>
        <line num="72" count="0" type="stmt"/>
        <line num="77" count="0" type="stmt"/>
        <line num="81" count="2" type="stmt"/>
        <line num="84" count="0" type="stmt"/>
        <line num="92" count="3" type="stmt"/>
        <line num="93" count="3" type="stmt"/>
        <line num="95" count="2" type="stmt"/>
        <line num="96" count="1" type="stmt"/>
        <line num="99" count="3" type="cond" truecount="2" falsecount="0"/>
        <line num="104" count="2" type="stmt"/>
        <line num="105" count="0" type="stmt"/>
        <line num="108" count="0" type="stmt"/>
        <line num="109" count="0" type="stmt"/>
        <line num="118" count="75" type="stmt"/>
        <line num="121" count="75" type="stmt"/>
        <line num="122" count="75" type="stmt"/>
        <line num="127" count="2" type="stmt"/>
        <line num="128" count="0" type="stmt"/>
        <line num="130" count="0" type="stmt"/>
        <line num="134" count="2" type="stmt"/>
        <line num="137" count="1" type="stmt"/>
        <line num="140" count="75" type="stmt"/>
        <line num="143" count="0" type="stmt"/>
        <line num="150" count="2" type="stmt"/>
        <line num="151" count="1" type="stmt"/>
        <line num="154" count="50" type="cond" truecount="2" falsecount="0"/>
        <line num="155" count="23" type="cond" truecount="1" falsecount="1"/>
        <line num="156" count="23" type="stmt"/>
        <line num="158" count="27" type="stmt"/>
      </file>
      <file name="types.ts" path="/home/kerby/dev/try/FInancyDrewTS/src/types.ts">
        <metrics statements="13" coveredstatements="13" conditionals="4" coveredconditionals="4" methods="2" coveredmethods="2"/>
        <line num="1" count="2" type="cond" truecount="2" falsecount="0"/>
        <line num="2" count="2" type="stmt"/>
        <line num="3" count="2" type="stmt"/>
        <line num="4" count="2" type="stmt"/>
        <line num="5" count="2" type="stmt"/>
        <line num="6" count="2" type="stmt"/>
        <line num="7" count="2" type="stmt"/>
        <line num="8" count="2" type="stmt"/>
        <line num="16" count="2" type="cond" truecount="2" falsecount="0"/>
        <line num="17" count="2" type="stmt"/>
        <line num="18" count="2" type="stmt"/>
        <line num="19" count="2" type="stmt"/>
        <line num="20" count="2" type="stmt"/>
      </file>
    </package>
    <package name="src.repositories">
      <metrics statements="31" coveredstatements="26" conditionals="32" coveredconditionals="27" methods="25" coveredmethods="23"/>
      <file name="index.ts" path="/home/kerby/dev/try/FInancyDrewTS/src/repositories/index.ts">
        <metrics statements="1" coveredstatements="1" conditionals="0" coveredconditionals="0" methods="0" coveredmethods="0"/>
        <line num="1" count="2" type="stmt"/>
      </file>
      <file name="ynab.ts" path="/home/kerby/dev/try/FInancyDrewTS/src/repositories/ynab.ts">
        <metrics statements="30" coveredstatements="25" conditionals="32" coveredconditionals="27" methods="25" coveredmethods="23"/>
        <line num="1" count="2" type="stmt"/>
        <line num="8" count="2" type="stmt"/>
        <line num="41" count="2" type="stmt"/>
        <line num="45" count="8" type="cond" truecount="2" falsecount="0"/>
        <line num="46" count="8" type="cond" truecount="4" falsecount="2"/>
        <line num="48" count="8" type="stmt"/>
        <line num="50" count="2" type="stmt"/>
        <line num="52" count="2" type="stmt"/>
        <line num="53" count="1" type="stmt"/>
        <line num="56" count="3" type="stmt"/>
        <line num="58" count="3" type="stmt"/>
        <line num="65" count="2" type="stmt"/>
        <line num="66" count="1" type="stmt"/>
        <line num="70" count="2" type="stmt"/>
        <line num="72" count="2" type="stmt"/>
        <line num="80" count="1" type="stmt"/>
        <line num="81" count="1" type="stmt"/>
        <line num="85" count="2" type="stmt"/>
        <line num="87" count="2" type="stmt"/>
        <line num="90" count="1" type="stmt"/>
        <line num="92" count="1" type="stmt"/>
        <line num="95" count="2" type="stmt"/>
        <line num="97" count="2" type="stmt"/>
        <line num="99" count="1" type="stmt"/>
        <line num="100" count="1" type="stmt"/>
        <line num="103" count="0" type="stmt"/>
        <line num="104" count="0" type="stmt"/>
        <line num="106" count="0" type="stmt"/>
        <line num="108" count="0" type="stmt"/>
        <line num="111" count="0" type="stmt"/>
      </file>
    </package>
  </project>
</coverage>
