{"/home/kerby/dev/try/FInancyDrewTS/src/config.ts": {"path":"/home/kerby/dev/try/FInancyDrewTS/src/config.ts","statementMap":{"0":{"start":{"line":1,"column":0},"end":{"line":1,"column":27}},"1":{"start":{"line":5,"column":13},"end":{"line":5,"column":62}},"2":{"start":{"line":7,"column":13},"end":{"line":12,"column":2}}},"fnMap":{},"branchMap":{},"s":{"0":1,"1":1,"2":1},"f":{},"b":{}}
,"/home/kerby/dev/try/FInancyDrewTS/src/helpers.ts": {"path":"/home/kerby/dev/try/FInancyDrewTS/src/helpers.ts","statementMap":{"0":{"start":{"line":1,"column":13},"end":{"line":1,"column":76}},"1":{"start":{"line":1,"column":38},"end":{"line":1,"column":75}},"2":{"start":{"line":1,"column":60},"end":{"line":1,"column":68}},"3":{"start":{"line":3,"column":13},"end":{"line":3,"column":63}},"4":{"start":{"line":3,"column":49},"end":{"line":3,"column":62}}},"fnMap":{"0":{"name":"(anonymous_0)","decl":{"start":{"line":1,"column":19},"end":{"line":1,"column":20}},"loc":{"start":{"line":1,"column":38},"end":{"line":1,"column":75}}},"1":{"name":"(anonymous_1)","decl":{"start":{"line":1,"column":48},"end":{"line":1,"column":49}},"loc":{"start":{"line":1,"column":60},"end":{"line":1,"column":68}}},"2":{"name":"(anonymous_2)","decl":{"start":{"line":3,"column":29},"end":{"line":3,"column":30}},"loc":{"start":{"line":3,"column":49},"end":{"line":3,"column":62}}}},"branchMap":{"0":{"loc":{"start":{"line":1,"column":60},"end":{"line":1,"column":63}},"type":"binary-expr","locations":[{"start":{"line":1,"column":60},"end":{"line":1,"column":63}},{"start":{"line":1,"column":67},"end":{"line":1,"column":68}}]}},"s":{"0":1,"1":4,"2":7,"3":1,"4":0},"f":{"0":4,"1":7,"2":0},"b":{"0":[7,6]}}
,"/home/kerby/dev/try/FInancyDrewTS/src/index.ts": {"path":"/home/kerby/dev/try/FInancyDrewTS/src/index.ts","statementMap":{"0":{"start":{"line":1,"column":0},"end":{"line":1,"column":66}},"1":{"start":{"line":2,"column":0},"end":{"line":2,"column":34}},"2":{"start":{"line":3,"column":0},"end":{"line":3,"column":33}},"3":{"start":{"line":4,"column":0},"end":{"line":4,"column":34}},"4":{"start":{"line":5,"column":0},"end":{"line":5,"column":42}},"5":{"start":{"line":6,"column":0},"end":{"line":6,"column":46}},"6":{"start":{"line":7,"column":0},"end":{"line":7,"column":44}},"7":{"start":{"line":9,"column":0},"end":{"line":9,"column":80}},"8":{"start":{"line":14,"column":13},"end":{"line":79,"column":2}},"9":{"start":{"line":19,"column":18},"end":{"line":19,"column":35}},"10":{"start":{"line":20,"column":2},"end":{"line":78,"column":null}},"11":{"start":{"line":22,"column":6},"end":{"line":25,"column":9}},"12":{"start":{"line":27,"column":6},"end":{"line":30,"column":9}},"13":{"start":{"line":32,"column":6},"end":{"line":35,"column":9}},"14":{"start":{"line":37,"column":6},"end":{"line":40,"column":9}},"15":{"start":{"line":42,"column":6},"end":{"line":45,"column":9}},"16":{"start":{"line":47,"column":6},"end":{"line":50,"column":9}},"17":{"start":{"line":52,"column":6},"end":{"line":55,"column":9}},"18":{"start":{"line":57,"column":6},"end":{"line":60,"column":9}},"19":{"start":{"line":62,"column":6},"end":{"line":65,"column":9}},"20":{"start":{"line":67,"column":6},"end":{"line":70,"column":9}},"21":{"start":{"line":72,"column":6},"end":{"line":75,"column":9}},"22":{"start":{"line":77,"column":6},"end":{"line":77,"column":20}},"23":{"start":{"line":81,"column":13},"end":{"line":90,"column":2}},"24":{"start":{"line":84,"column":2},"end":{"line":89,"column":4}},"25":{"start":{"line":92,"column":13},"end":{"line":92,"column":73}},"26":{"start":{"line":92,"column":50},"end":{"line":92,"column":72}},"27":{"start":{"line":93,"column":13},"end":{"line":93,"column":80}},"28":{"start":{"line":93,"column":62},"end":{"line":93,"column":79}},"29":{"start":{"line":95,"column":13},"end":{"line":102,"column":2}},"30":{"start":{"line":96,"column":2},"end":{"line":101,"column":4}},"31":{"start":{"line":99,"column":6},"end":{"line":99,"column":77}},"32":{"start":{"line":104,"column":13},"end":{"line":111,"column":2}},"33":{"start":{"line":105,"column":2},"end":{"line":110,"column":4}},"34":{"start":{"line":108,"column":28},"end":{"line":108,"column":49}},"35":{"start":{"line":109,"column":38},"end":{"line":109,"column":51}},"36":{"start":{"line":118,"column":13},"end":{"line":125,"column":2}},"37":{"start":{"line":118,"column":60},"end":{"line":125,"column":1}},"38":{"start":{"line":121,"column":2},"end":{"line":124,"column":4}},"39":{"start":{"line":122,"column":10},"end":{"line":122,"column":58}},"40":{"start":{"line":127,"column":13},"end":{"line":132,"column":2}},"41":{"start":{"line":128,"column":2},"end":{"line":131,"column":4}},"42":{"start":{"line":130,"column":37},"end":{"line":130,"column":49}},"43":{"start":{"line":134,"column":13},"end":{"line":148,"column":2}},"44":{"start":{"line":134,"column":59},"end":{"line":148,"column":1}},"45":{"start":{"line":137,"column":2},"end":{"line":147,"column":4}},"46":{"start":{"line":140,"column":6},"end":{"line":145,"column":8}},"47":{"start":{"line":143,"column":10},"end":{"line":143,"column":20}},"48":{"start":{"line":150,"column":13},"end":{"line":162,"column":2}},"49":{"start":{"line":150,"column":54},"end":{"line":162,"column":1}},"50":{"start":{"line":151,"column":2},"end":{"line":161,"column":4}},"51":{"start":{"line":154,"column":6},"end":{"line":159,"column":null}},"52":{"start":{"line":155,"column":25},"end":{"line":155,"column":51}},"53":{"start":{"line":156,"column":8},"end":{"line":156,"column":55}},"54":{"start":{"line":158,"column":8},"end":{"line":158,"column":19}}},"fnMap":{"0":{"name":"(anonymous_6)","decl":{"start":{"line":14,"column":34},"end":{"line":14,"column":35}},"loc":{"start":{"line":18,"column":37},"end":{"line":79,"column":1}}},"1":{"name":"(anonymous_7)","decl":{"start":{"line":81,"column":38},"end":{"line":81,"column":null}},"loc":{"start":{"line":83,"column":25},"end":{"line":90,"column":1}}},"2":{"name":"(anonymous_8)","decl":{"start":{"line":92,"column":27},"end":{"line":92,"column":28}},"loc":{"start":{"line":92,"column":50},"end":{"line":92,"column":72}}},"3":{"name":"(anonymous_9)","decl":{"start":{"line":93,"column":30},"end":{"line":93,"column":31}},"loc":{"start":{"line":93,"column":62},"end":{"line":93,"column":79}}},"4":{"name":"(anonymous_10)","decl":{"start":{"line":95,"column":33},"end":{"line":95,"column":34}},"loc":{"start":{"line":95,"column":65},"end":{"line":102,"column":1}}},"5":{"name":"(anonymous_11)","decl":{"start":{"line":98,"column":16},"end":{"line":98,"column":17}},"loc":{"start":{"line":99,"column":6},"end":{"line":99,"column":77}}},"6":{"name":"(anonymous_12)","decl":{"start":{"line":104,"column":37},"end":{"line":104,"column":38}},"loc":{"start":{"line":104,"column":69},"end":{"line":111,"column":1}}},"7":{"name":"(anonymous_13)","decl":{"start":{"line":108,"column":13},"end":{"line":108,"column":14}},"loc":{"start":{"line":108,"column":28},"end":{"line":108,"column":49}}},"8":{"name":"(anonymous_14)","decl":{"start":{"line":109,"column":16},"end":{"line":109,"column":17}},"loc":{"start":{"line":109,"column":38},"end":{"line":109,"column":51}}},"9":{"name":"(anonymous_15)","decl":{"start":{"line":118,"column":29},"end":{"line":118,"column":30}},"loc":{"start":{"line":118,"column":60},"end":{"line":125,"column":1}}},"10":{"name":"(anonymous_16)","decl":{"start":{"line":118,"column":60},"end":{"line":118,"column":null}},"loc":{"start":{"line":120,"column":30},"end":{"line":125,"column":1}}},"11":{"name":"(anonymous_17)","decl":{"start":{"line":122,"column":4},"end":{"line":122,"column":7}},"loc":{"start":{"line":122,"column":10},"end":{"line":122,"column":58}}},"12":{"name":"(anonymous_18)","decl":{"start":{"line":127,"column":31},"end":{"line":127,"column":32}},"loc":{"start":{"line":127,"column":70},"end":{"line":132,"column":1}}},"13":{"name":"(anonymous_19)","decl":{"start":{"line":130,"column":16},"end":{"line":130,"column":17}},"loc":{"start":{"line":130,"column":37},"end":{"line":130,"column":49}}},"14":{"name":"(anonymous_20)","decl":{"start":{"line":134,"column":33},"end":{"line":134,"column":34}},"loc":{"start":{"line":134,"column":59},"end":{"line":148,"column":1}}},"15":{"name":"(anonymous_21)","decl":{"start":{"line":134,"column":59},"end":{"line":134,"column":null}},"loc":{"start":{"line":136,"column":4},"end":{"line":148,"column":1}}},"16":{"name":"(anonymous_22)","decl":{"start":{"line":139,"column":13},"end":{"line":139,"column":14}},"loc":{"start":{"line":139,"column":26},"end":{"line":146,"column":5}}},"17":{"name":"(anonymous_23)","decl":{"start":{"line":142,"column":15},"end":{"line":142,"column":16}},"loc":{"start":{"line":142,"column":23},"end":{"line":144,"column":9}}},"18":{"name":"(anonymous_24)","decl":{"start":{"line":150,"column":36},"end":{"line":150,"column":37}},"loc":{"start":{"line":150,"column":54},"end":{"line":162,"column":1}}},"19":{"name":"(anonymous_25)","decl":{"start":{"line":150,"column":54},"end":{"line":150,"column":55}},"loc":{"start":{"line":150,"column":78},"end":{"line":162,"column":1}}},"20":{"name":"(anonymous_26)","decl":{"start":{"line":153,"column":24},"end":{"line":153,"column":25}},"loc":{"start":{"line":153,"column":35},"end":{"line":160,"column":5}}}},"branchMap":{"0":{"loc":{"start":{"line":21,"column":4},"end":{"line":25,"column":9}},"type":"switch","locations":[{"start":{"line":21,"column":4},"end":{"line":25,"column":9}},{"start":{"line":26,"column":4},"end":{"line":30,"column":9}},{"start":{"line":31,"column":4},"end":{"line":35,"column":9}},{"start":{"line":36,"column":4},"end":{"line":40,"column":9}},{"start":{"line":41,"column":4},"end":{"line":45,"column":9}},{"start":{"line":46,"column":4},"end":{"line":50,"column":9}},{"start":{"line":51,"column":4},"end":{"line":55,"column":9}},{"start":{"line":56,"column":4},"end":{"line":60,"column":9}},{"start":{"line":61,"column":4},"end":{"line":65,"column":9}},{"start":{"line":66,"column":4},"end":{"line":70,"column":9}},{"start":{"line":71,"column":4},"end":{"line":75,"column":9}},{"start":{"line":76,"column":4},"end":{"line":77,"column":20}}]},"1":{"loc":{"start":{"line":99,"column":32},"end":{"line":99,"column":53}},"type":"cond-expr","locations":[{"start":{"line":99,"column":32},"end":{"line":99,"column":53}},{"start":{"line":99,"column":56},"end":{"line":99,"column":77}}]},"2":{"loc":{"start":{"line":154,"column":6},"end":{"line":159,"column":null}},"type":"if","locations":[{"start":{"line":154,"column":6},"end":{"line":159,"column":null}},{"start":{"line":154,"column":6},"end":{"line":159,"column":null}}]},"3":{"loc":{"start":{"line":155,"column":37},"end":{"line":155,"column":46}},"type":"cond-expr","locations":[{"start":{"line":155,"column":37},"end":{"line":155,"column":46}},{"start":{"line":155,"column":49},"end":{"line":155,"column":51}}]}},"s":{"0":2,"1":2,"2":2,"3":2,"4":2,"5":2,"6":2,"7":2,"8":2,"9":0,"10":0,"11":0,"12":0,"13":0,"14":0,"15":0,"16":0,"17":0,"18":0,"19":0,"20":0,"21":0,"22":0,"23":2,"24":0,"25":2,"26":3,"27":2,"28":3,"29":2,"30":1,"31":3,"32":2,"33":0,"34":0,"35":0,"36":2,"37":75,"38":75,"39":75,"40":2,"41":0,"42":0,"43":2,"44":1,"45":1,"46":75,"47":0,"48":2,"49":1,"50":1,"51":50,"52":23,"53":23,"54":27},"f":{"0":0,"1":0,"2":3,"3":3,"4":1,"5":3,"6":0,"7":0,"8":0,"9":75,"10":75,"11":75,"12":0,"13":0,"14":1,"15":1,"16":75,"17":0,"18":1,"19":1,"20":50},"b":{"0":[0,0,0,0,0,0,0,0,0,0,0,0],"1":[2,1],"2":[23,27],"3":[0,23]}}
,"/home/kerby/dev/try/FInancyDrewTS/src/types.ts": {"path":"/home/kerby/dev/try/FInancyDrewTS/src/types.ts","statementMap":{"0":{"start":{"line":1,"column":0},"end":{"line":1,"column":null}},"1":{"start":{"line":2,"column":2},"end":{"line":2,"column":null}},"2":{"start":{"line":3,"column":2},"end":{"line":3,"column":null}},"3":{"start":{"line":4,"column":2},"end":{"line":4,"column":null}},"4":{"start":{"line":5,"column":2},"end":{"line":5,"column":null}},"5":{"start":{"line":6,"column":2},"end":{"line":6,"column":null}},"6":{"start":{"line":7,"column":2},"end":{"line":7,"column":null}},"7":{"start":{"line":8,"column":2},"end":{"line":8,"column":null}},"8":{"start":{"line":16,"column":0},"end":{"line":16,"column":null}},"9":{"start":{"line":17,"column":2},"end":{"line":17,"column":null}},"10":{"start":{"line":18,"column":2},"end":{"line":18,"column":null}},"11":{"start":{"line":19,"column":2},"end":{"line":19,"column":null}},"12":{"start":{"line":20,"column":2},"end":{"line":20,"column":null}}},"fnMap":{"0":{"name":"(anonymous_0)","decl":{"start":{"line":1,"column":0},"end":{"line":1,"column":12}},"loc":{"start":{"line":1,"column":21},"end":{"line":9,"column":1}}},"1":{"name":"(anonymous_1)","decl":{"start":{"line":16,"column":0},"end":{"line":16,"column":12}},"loc":{"start":{"line":16,"column":25},"end":{"line":21,"column":1}}}},"branchMap":{"0":{"loc":{"start":{"line":1,"column":12},"end":{"line":1,"column":21}},"type":"binary-expr","locations":[{"start":{"line":1,"column":12},"end":{"line":1,"column":21}},{"start":{"line":1,"column":12},"end":{"line":1,"column":null}}]},"1":{"loc":{"start":{"line":16,"column":12},"end":{"line":16,"column":25}},"type":"binary-expr","locations":[{"start":{"line":16,"column":12},"end":{"line":16,"column":25}},{"start":{"line":16,"column":12},"end":{"line":16,"column":null}}]}},"s":{"0":2,"1":2,"2":2,"3":2,"4":2,"5":2,"6":2,"7":2,"8":2,"9":2,"10":2,"11":2,"12":2},"f":{"0":2,"1":2},"b":{"0":[2,2],"1":[2,2]}}
,"/home/kerby/dev/try/FInancyDrewTS/src/repositories/index.ts": {"path":"/home/kerby/dev/try/FInancyDrewTS/src/repositories/index.ts","statementMap":{"0":{"start":{"line":1,"column":0},"end":{"line":1,"column":23}}},"fnMap":{},"branchMap":{},"s":{"0":2},"f":{},"b":{}}
,"/home/kerby/dev/try/FInancyDrewTS/src/repositories/ynab.ts": {"path":"/home/kerby/dev/try/FInancyDrewTS/src/repositories/ynab.ts","statementMap":{"0":{"start":{"line":1,"column":0},"end":{"line":1,"column":null}},"1":{"start":{"line":8,"column":0},"end":{"line":8,"column":43}},"2":{"start":{"line":41,"column":13},"end":{"line":117,"column":2}},"3":{"start":{"line":41,"column":44},"end":{"line":117,"column":1}},"4":{"start":{"line":45,"column":4},"end":{"line":45,"column":68}},"5":{"start":{"line":46,"column":19},"end":{"line":46,"column":67}},"6":{"start":{"line":48,"column":2},"end":{"line":116,"column":4}},"7":{"start":{"line":50,"column":6},"end":{"line":53,"column":null}},"8":{"start":{"line":52,"column":10},"end":{"line":52,"column":79}},"9":{"start":{"line":52,"column":59},"end":{"line":52,"column":78}},"10":{"start":{"line":53,"column":20},"end":{"line":53,"column":35}},"11":{"start":{"line":56,"column":6},"end":{"line":67,"column":8}},"12":{"start":{"line":58,"column":10},"end":{"line":65,"column":55}},"13":{"start":{"line":65,"column":30},"end":{"line":65,"column":54}},"14":{"start":{"line":66,"column":20},"end":{"line":66,"column":35}},"15":{"start":{"line":70,"column":6},"end":{"line":82,"column":8}},"16":{"start":{"line":72,"column":10},"end":{"line":80,"column":55}},"17":{"start":{"line":80,"column":30},"end":{"line":80,"column":54}},"18":{"start":{"line":81,"column":20},"end":{"line":81,"column":35}},"19":{"start":{"line":85,"column":6},"end":{"line":92,"column":null}},"20":{"start":{"line":87,"column":10},"end":{"line":90,"column":null}},"21":{"start":{"line":90,"column":14},"end":{"line":90,"column":70}},"22":{"start":{"line":90,"column":57},"end":{"line":90,"column":69}},"23":{"start":{"line":92,"column":20},"end":{"line":92,"column":35}},"24":{"start":{"line":95,"column":6},"end":{"line":100,"column":null}},"25":{"start":{"line":97,"column":10},"end":{"line":99,"column":51}},"26":{"start":{"line":99,"column":30},"end":{"line":99,"column":50}},"27":{"start":{"line":100,"column":20},"end":{"line":100,"column":35}},"28":{"start":{"line":103,"column":20},"end":{"line":103,"column":58}},"29":{"start":{"line":104,"column":19},"end":{"line":105,"column":24}},"30":{"start":{"line":106,"column":6},"end":{"line":106,"column":49}},"31":{"start":{"line":106,"column":34},"end":{"line":106,"column":46}},"32":{"start":{"line":108,"column":6},"end":{"line":110,"column":8}},"33":{"start":{"line":111,"column":6},"end":{"line":114,"column":8}}},"fnMap":{"0":{"name":"(anonymous_6)","decl":{"start":{"line":41,"column":20},"end":{"line":41,"column":21}},"loc":{"start":{"line":41,"column":44},"end":{"line":117,"column":1}}},"1":{"name":"(anonymous_7)","decl":{"start":{"line":41,"column":44},"end":{"line":41,"column":null}},"loc":{"start":{"line":43,"column":20},"end":{"line":117,"column":1}}},"2":{"name":"(anonymous_8)","decl":{"start":{"line":49,"column":16},"end":{"line":49,"column":19}},"loc":{"start":{"line":50,"column":6},"end":{"line":53,"column":null}}},"3":{"name":"(anonymous_9)","decl":{"start":{"line":51,"column":8},"end":{"line":51,"column":11}},"loc":{"start":{"line":52,"column":10},"end":{"line":52,"column":79}}},"4":{"name":"(anonymous_10)","decl":{"start":{"line":52,"column":47},"end":{"line":52,"column":48}},"loc":{"start":{"line":52,"column":59},"end":{"line":52,"column":78}}},"5":{"name":"(anonymous_11)","decl":{"start":{"line":53,"column":8},"end":{"line":53,"column":9}},"loc":{"start":{"line":53,"column":20},"end":{"line":53,"column":35}}},"6":{"name":"(anonymous_12)","decl":{"start":{"line":55,"column":21},"end":{"line":55,"column":22}},"loc":{"start":{"line":55,"column":32},"end":{"line":68,"column":5}}},"7":{"name":"(anonymous_13)","decl":{"start":{"line":57,"column":8},"end":{"line":57,"column":11}},"loc":{"start":{"line":58,"column":10},"end":{"line":65,"column":55}}},"8":{"name":"(anonymous_14)","decl":{"start":{"line":65,"column":18},"end":{"line":65,"column":19}},"loc":{"start":{"line":65,"column":30},"end":{"line":65,"column":54}}},"9":{"name":"(anonymous_15)","decl":{"start":{"line":66,"column":8},"end":{"line":66,"column":9}},"loc":{"start":{"line":66,"column":20},"end":{"line":66,"column":35}}},"10":{"name":"(anonymous_16)","decl":{"start":{"line":69,"column":31},"end":{"line":69,"column":32}},"loc":{"start":{"line":69,"column":42},"end":{"line":83,"column":5}}},"11":{"name":"(anonymous_17)","decl":{"start":{"line":71,"column":8},"end":{"line":71,"column":11}},"loc":{"start":{"line":72,"column":10},"end":{"line":80,"column":55}}},"12":{"name":"(anonymous_18)","decl":{"start":{"line":80,"column":18},"end":{"line":80,"column":19}},"loc":{"start":{"line":80,"column":30},"end":{"line":80,"column":54}}},"13":{"name":"(anonymous_19)","decl":{"start":{"line":81,"column":8},"end":{"line":81,"column":9}},"loc":{"start":{"line":81,"column":20},"end":{"line":81,"column":35}}},"14":{"name":"(anonymous_20)","decl":{"start":{"line":84,"column":19},"end":{"line":84,"column":22}},"loc":{"start":{"line":85,"column":6},"end":{"line":92,"column":null}}},"15":{"name":"(anonymous_21)","decl":{"start":{"line":86,"column":8},"end":{"line":86,"column":11}},"loc":{"start":{"line":87,"column":10},"end":{"line":90,"column":null}}},"16":{"name":"(anonymous_22)","decl":{"start":{"line":89,"column":18},"end":{"line":89,"column":19}},"loc":{"start":{"line":90,"column":14},"end":{"line":90,"column":70}}},"17":{"name":"(anonymous_23)","decl":{"start":{"line":90,"column":50},"end":{"line":90,"column":51}},"loc":{"start":{"line":90,"column":57},"end":{"line":90,"column":69}}},"18":{"name":"(anonymous_24)","decl":{"start":{"line":92,"column":8},"end":{"line":92,"column":9}},"loc":{"start":{"line":92,"column":20},"end":{"line":92,"column":35}}},"19":{"name":"(anonymous_25)","decl":{"start":{"line":94,"column":17},"end":{"line":94,"column":20}},"loc":{"start":{"line":95,"column":6},"end":{"line":100,"column":null}}},"20":{"name":"(anonymous_26)","decl":{"start":{"line":96,"column":8},"end":{"line":96,"column":11}},"loc":{"start":{"line":97,"column":10},"end":{"line":99,"column":51}}},"21":{"name":"(anonymous_27)","decl":{"start":{"line":99,"column":18},"end":{"line":99,"column":19}},"loc":{"start":{"line":99,"column":30},"end":{"line":99,"column":50}}},"22":{"name":"(anonymous_28)","decl":{"start":{"line":100,"column":8},"end":{"line":100,"column":9}},"loc":{"start":{"line":100,"column":20},"end":{"line":100,"column":35}}},"23":{"name":"(anonymous_29)","decl":{"start":{"line":102,"column":17},"end":{"line":102,"column":22}},"loc":{"start":{"line":102,"column":28},"end":{"line":115,"column":5}}},"24":{"name":"(anonymous_30)","decl":{"start":{"line":106,"column":27},"end":{"line":106,"column":28}},"loc":{"start":{"line":106,"column":34},"end":{"line":106,"column":46}}}},"branchMap":{"0":{"loc":{"start":{"line":45,"column":4},"end":{"line":45,"column":10}},"type":"binary-expr","locations":[{"start":{"line":45,"column":4},"end":{"line":45,"column":10}},{"start":{"line":45,"column":14},"end":{"line":45,"column":68}}]},"1":{"loc":{"start":{"line":46,"column":38},"end":{"line":46,"column":53}},"type":"cond-expr","locations":[{"start":{"line":46,"column":38},"end":{"line":46,"column":53}},{"start":{"line":46,"column":56},"end":{"line":46,"column":67}}]},"2":{"loc":{"start":{"line":46,"column":25},"end":{"line":46,"column":27}},"type":"cond-expr","locations":[{"start":{"line":46,"column":25},"end":{"line":46,"column":27}},{"start":{"line":46,"column":19},"end":{"line":46,"column":35}}]},"3":{"loc":{"start":{"line":46,"column":19},"end":{"line":46,"column":27}},"type":"binary-expr","locations":[{"start":{"line":46,"column":19},"end":{"line":46,"column":27}},{"start":{"line":46,"column":19},"end":{"line":46,"column":27}}]},"4":{"loc":{"start":{"line":61,"column":20},"end":{"line":61,"column":22}},"type":"cond-expr","locations":[{"start":{"line":61,"column":20},"end":{"line":61,"column":22}},{"start":{"line":61,"column":14},"end":{"line":61,"column":31}}]},"5":{"loc":{"start":{"line":61,"column":14},"end":{"line":61,"column":22}},"type":"binary-expr","locations":[{"start":{"line":61,"column":14},"end":{"line":61,"column":22}},{"start":{"line":61,"column":14},"end":{"line":61,"column":22}}]},"6":{"loc":{"start":{"line":62,"column":20},"end":{"line":62,"column":22}},"type":"cond-expr","locations":[{"start":{"line":62,"column":20},"end":{"line":62,"column":22}},{"start":{"line":62,"column":14},"end":{"line":62,"column":26}}]},"7":{"loc":{"start":{"line":62,"column":14},"end":{"line":62,"column":22}},"type":"binary-expr","locations":[{"start":{"line":62,"column":14},"end":{"line":62,"column":22}},{"start":{"line":62,"column":14},"end":{"line":62,"column":22}}]},"8":{"loc":{"start":{"line":63,"column":20},"end":{"line":63,"column":22}},"type":"cond-expr","locations":[{"start":{"line":63,"column":20},"end":{"line":63,"column":22}},{"start":{"line":63,"column":14},"end":{"line":63,"column":43}}]},"9":{"loc":{"start":{"line":63,"column":14},"end":{"line":63,"column":22}},"type":"binary-expr","locations":[{"start":{"line":63,"column":14},"end":{"line":63,"column":22}},{"start":{"line":63,"column":14},"end":{"line":63,"column":22}}]},"10":{"loc":{"start":{"line":76,"column":20},"end":{"line":76,"column":22}},"type":"cond-expr","locations":[{"start":{"line":76,"column":20},"end":{"line":76,"column":22}},{"start":{"line":76,"column":14},"end":{"line":76,"column":31}}]},"11":{"loc":{"start":{"line":76,"column":14},"end":{"line":76,"column":22}},"type":"binary-expr","locations":[{"start":{"line":76,"column":14},"end":{"line":76,"column":22}},{"start":{"line":76,"column":14},"end":{"line":76,"column":22}}]},"12":{"loc":{"start":{"line":77,"column":20},"end":{"line":77,"column":22}},"type":"cond-expr","locations":[{"start":{"line":77,"column":20},"end":{"line":77,"column":22}},{"start":{"line":77,"column":14},"end":{"line":77,"column":26}}]},"13":{"loc":{"start":{"line":77,"column":14},"end":{"line":77,"column":22}},"type":"binary-expr","locations":[{"start":{"line":77,"column":14},"end":{"line":77,"column":22}},{"start":{"line":77,"column":14},"end":{"line":77,"column":22}}]},"14":{"loc":{"start":{"line":78,"column":20},"end":{"line":78,"column":22}},"type":"cond-expr","locations":[{"start":{"line":78,"column":20},"end":{"line":78,"column":22}},{"start":{"line":78,"column":14},"end":{"line":78,"column":43}}]},"15":{"loc":{"start":{"line":78,"column":14},"end":{"line":78,"column":22}},"type":"binary-expr","locations":[{"start":{"line":78,"column":14},"end":{"line":78,"column":22}},{"start":{"line":78,"column":14},"end":{"line":78,"column":22}}]}},"s":{"0":2,"1":2,"2":2,"3":2,"4":8,"5":8,"6":8,"7":2,"8":2,"9":1,"10":1,"11":3,"12":3,"13":2,"14":1,"15":2,"16":2,"17":1,"18":1,"19":2,"20":2,"21":1,"22":1,"23":1,"24":2,"25":2,"26":1,"27":1,"28":0,"29":0,"30":0,"31":0,"32":0,"33":0},"f":{"0":2,"1":8,"2":2,"3":2,"4":1,"5":1,"6":3,"7":3,"8":2,"9":1,"10":2,"11":2,"12":1,"13":1,"14":2,"15":2,"16":1,"17":1,"18":1,"19":2,"20":2,"21":1,"22":1,"23":0,"24":0},"b":{"0":[8,2],"1":[0,8],"2":[0,8],"3":[8,8],"4":[2,1],"5":[3,3],"6":[2,1],"7":[3,3],"8":[2,1],"9":[3,3],"10":[0,2],"11":[2,2],"12":[0,2],"13":[2,2],"14":[0,2],"15":[2,2]}}
}
