TN:
SF:src/config.ts
FNF:0
FNH:0
DA:1,1
DA:5,1
DA:7,1
LF:3
LH:3
BRF:0
BRH:0
end_of_record
TN:
SF:src/helpers.ts
FN:1,(anonymous_0)
FN:1,(anonymous_1)
FN:3,(anonymous_2)
FNF:3
FNH:2
FNDA:4,(anonymous_0)
FNDA:7,(anonymous_1)
FNDA:0,(anonymous_2)
DA:1,7
DA:3,1
LF:2
LH:2
BRDA:1,0,0,7
BRDA:1,0,1,6
BRF:2
BRH:2
end_of_record
TN:
SF:src/index.ts
FN:14,(anonymous_6)
FN:81,(anonymous_7)
FN:92,(anonymous_8)
FN:93,(anonymous_9)
FN:95,(anonymous_10)
FN:98,(anonymous_11)
FN:104,(anonymous_12)
FN:108,(anonymous_13)
FN:109,(anonymous_14)
FN:118,(anonymous_15)
FN:118,(anonymous_16)
FN:122,(anonymous_17)
FN:127,(anonymous_18)
FN:130,(anonymous_19)
FN:134,(anonymous_20)
FN:134,(anonymous_21)
FN:139,(anonymous_22)
FN:142,(anonymous_23)
FN:150,(anonymous_24)
FN:150,(anonymous_25)
FN:153,(anonymous_26)
FNF:21
FNH:13
FNDA:0,(anonymous_6)
FNDA:0,(anonymous_7)
FNDA:3,(anonymous_8)
FNDA:3,(anonymous_9)
FNDA:1,(anonymous_10)
FNDA:3,(anonymous_11)
FNDA:0,(anonymous_12)
FNDA:0,(anonymous_13)
FNDA:0,(anonymous_14)
FNDA:75,(anonymous_15)
FNDA:75,(anonymous_16)
FNDA:75,(anonymous_17)
FNDA:0,(anonymous_18)
FNDA:0,(anonymous_19)
FNDA:1,(anonymous_20)
FNDA:1,(anonymous_21)
FNDA:75,(anonymous_22)
FNDA:0,(anonymous_23)
FNDA:1,(anonymous_24)
FNDA:1,(anonymous_25)
FNDA:50,(anonymous_26)
DA:1,2
DA:2,2
DA:3,2
DA:4,2
DA:5,2
DA:6,2
DA:7,2
DA:9,2
DA:14,2
DA:19,0
DA:20,0
DA:22,0
DA:27,0
DA:32,0
DA:37,0
DA:42,0
DA:47,0
DA:52,0
DA:57,0
DA:62,0
DA:67,0
DA:72,0
DA:77,0
DA:81,2
DA:84,0
DA:92,3
DA:93,3
DA:95,2
DA:96,1
DA:99,3
DA:104,2
DA:105,0
DA:108,0
DA:109,0
DA:118,75
DA:121,75
DA:122,75
DA:127,2
DA:128,0
DA:130,0
DA:134,2
DA:137,1
DA:140,75
DA:143,0
DA:150,2
DA:151,1
DA:154,50
DA:155,23
DA:156,23
DA:158,27
LF:50
LH:29
BRDA:21,0,0,0
BRDA:21,0,1,0
BRDA:21,0,2,0
BRDA:21,0,3,0
BRDA:21,0,4,0
BRDA:21,0,5,0
BRDA:21,0,6,0
BRDA:21,0,7,0
BRDA:21,0,8,0
BRDA:21,0,9,0
BRDA:21,0,10,0
BRDA:21,0,11,0
BRDA:99,1,0,2
BRDA:99,1,1,1
BRDA:154,2,0,23
BRDA:154,2,1,27
BRDA:155,3,0,0
BRDA:155,3,1,23
BRF:18
BRH:5
end_of_record
TN:
SF:src/types.ts
FN:1,(anonymous_0)
FN:16,(anonymous_1)
FNF:2
FNH:2
FNDA:2,(anonymous_0)
FNDA:2,(anonymous_1)
DA:1,2
DA:2,2
DA:3,2
DA:4,2
DA:5,2
DA:6,2
DA:7,2
DA:8,2
DA:16,2
DA:17,2
DA:18,2
DA:19,2
DA:20,2
LF:13
LH:13
BRDA:1,0,0,2
BRDA:1,0,1,2
BRDA:16,1,0,2
BRDA:16,1,1,2
BRF:4
BRH:4
end_of_record
TN:
SF:src/repositories/index.ts
FNF:0
FNH:0
DA:1,2
LF:1
LH:1
BRF:0
BRH:0
end_of_record
TN:
SF:src/repositories/ynab.ts
FN:41,(anonymous_6)
FN:41,(anonymous_7)
FN:49,(anonymous_8)
FN:51,(anonymous_9)
FN:52,(anonymous_10)
FN:53,(anonymous_11)
FN:55,(anonymous_12)
FN:57,(anonymous_13)
FN:65,(anonymous_14)
FN:66,(anonymous_15)
FN:69,(anonymous_16)
FN:71,(anonymous_17)
FN:80,(anonymous_18)
FN:81,(anonymous_19)
FN:84,(anonymous_20)
FN:86,(anonymous_21)
FN:89,(anonymous_22)
FN:90,(anonymous_23)
FN:92,(anonymous_24)
FN:94,(anonymous_25)
FN:96,(anonymous_26)
FN:99,(anonymous_27)
FN:100,(anonymous_28)
FN:102,(anonymous_29)
FN:106,(anonymous_30)
FNF:25
FNH:23
FNDA:2,(anonymous_6)
FNDA:8,(anonymous_7)
FNDA:2,(anonymous_8)
FNDA:2,(anonymous_9)
FNDA:1,(anonymous_10)
FNDA:1,(anonymous_11)
FNDA:3,(anonymous_12)
FNDA:3,(anonymous_13)
FNDA:2,(anonymous_14)
FNDA:1,(anonymous_15)
FNDA:2,(anonymous_16)
FNDA:2,(anonymous_17)
FNDA:1,(anonymous_18)
FNDA:1,(anonymous_19)
FNDA:2,(anonymous_20)
FNDA:2,(anonymous_21)
FNDA:1,(anonymous_22)
FNDA:1,(anonymous_23)
FNDA:1,(anonymous_24)
FNDA:2,(anonymous_25)
FNDA:2,(anonymous_26)
FNDA:1,(anonymous_27)
FNDA:1,(anonymous_28)
FNDA:0,(anonymous_29)
FNDA:0,(anonymous_30)
DA:1,2
DA:8,2
DA:41,2
DA:45,8
DA:46,8
DA:48,8
DA:50,2
DA:52,2
DA:53,1
DA:56,3
DA:58,3
DA:65,2
DA:66,1
DA:70,2
DA:72,2
DA:80,1
DA:81,1
DA:85,2
DA:87,2
DA:90,1
DA:92,1
DA:95,2
DA:97,2
DA:99,1
DA:100,1
DA:103,0
DA:104,0
DA:106,0
DA:108,0
DA:111,0
LF:30
LH:25
BRDA:45,0,0,8
BRDA:45,0,1,2
BRDA:46,1,0,0
BRDA:46,1,1,8
BRDA:46,2,0,0
BRDA:46,2,1,8
BRDA:46,3,0,8
BRDA:46,3,1,8
BRDA:61,4,0,2
BRDA:61,4,1,1
BRDA:61,5,0,3
BRDA:61,5,1,3
BRDA:62,6,0,2
BRDA:62,6,1,1
BRDA:62,7,0,3
BRDA:62,7,1,3
BRDA:63,8,0,2
BRDA:63,8,1,1
BRDA:63,9,0,3
BRDA:63,9,1,3
BRDA:76,10,0,0
BRDA:76,10,1,2
BRDA:76,11,0,2
BRDA:76,11,1,2
BRDA:77,12,0,0
BRDA:77,12,1,2
BRDA:77,13,0,2
BRDA:77,13,1,2
BRDA:78,14,0,0
BRDA:78,14,1,2
BRDA:78,15,0,2
BRDA:78,15,1,2
BRF:32
BRH:27
end_of_record
